<beans xmlns="http://www.springframework.org/schema/beans"
  xmlns:security="http://www.springframework.org/schema/security"
  xmlns:xsi="http://www.w3.org/2001/XMLSchema-instance"
  xmlns:jee="http://www.springframework.org/schema/jee"
  xsi:schemaLocation="http://www.springframework.org/schema/beans
           http://www.springframework.org/schema/beans/spring-beans-3.1.xsd
           http://www.springframework.org/schema/security
           http://www.springframework.org/schema/security/spring-security-3.1.xsd
           http://www.springframework.org/schema/jee
           http://www.springframework.org/schema/jee/spring-jee-3.1.xsd">

	<security:authentication-manager alias="authenticationManager">
		<security:authentication-provider>
			<security:user-service>
				<security:user name="test" password="test" authorities="ROLE_ADMIN"/>
			</security:user-service>
		</security:authentication-provider>
	</security:authentication-manager>

    <bean id="expressionHandler" class="org.springframework.security.access.expression.method.DefaultMethodSecurityExpressionHandler">
        <property name="permissionEvaluator" ref="permissionEvaluator"/>
    </bean>

    <bean id="permissionEvaluator" class="org.springframework.security.acls.AclPermissionEvaluator">
        <constructor-arg ref="aclService"/>
    </bean>

	  <bean id="aclService" class="com.digitalbarista.cat.security.TestMutableAclService"/>

	<bean id="methodAccessDecisionManager" class="org.springframework.security.access.vote.AffirmativeBased">
		<property name="decisionVoters">
			<list>
				<bean class="com.digitalbarista.cat.security.AlwaysVoteYesVoter"/>
			</list>
		</property>
	</bean>
</beans>